<?xml version="1.0" encoding="UTF-8"?>
<testng-results total="1" passed="1" failed="0" skipped="0">
  <reporter-output>
    <line>
      <![CDATA[txtEmpFirstName]]>
    </line>
  </reporter-output>
  <suite started-at="2022-03-29T19:29:58Z" name="Default suite" finished-at="2022-03-29T19:30:05Z" duration-ms="7452">
    <groups>
    </groups>
    <test started-at="2022-03-29T19:29:58Z" name="Default test" finished-at="2022-03-29T19:30:05Z" duration-ms="7452">
      <class name="testscripts.TC002">
        <test-method signature="jen()[pri:0, instance:testscripts.TC002@8e50104]" started-at="2022-03-30T00:59:58Z" name="jen" finished-at="2022-03-30T01:00:05Z" duration-ms="7441" status="PASS">
          <reporter-output>
            <line>
              <![CDATA[txtEmpFirstName]]>
            </line>
          </reporter-output>
        </test-method> <!-- jen -->
      </class> <!-- testscripts.TC002 -->
    </test> <!-- Default test -->
  </suite> <!-- Default suite -->
</testng-results>
